<?xml version="1.0" encoding="UTF-8"?>
<testsuites>
    <testsuite name="force.apex" timestamp="2023-09-20T13:35:19.000Z" hostname="https://cunning-badger-uyu1oz-dev-ed.trailblaze.my.salesforce.com" tests="27" failures="0"  errors="0"  time="0.81">
        <properties>
            <property name="outcome" value="Successful"/>
            <property name="testsRan" value="27"/>
            <property name="passing" value="27"/>
            <property name="failing" value="0"/>
            <property name="skipped" value="0"/>
            <property name="passRate" value="100%"/>
            <property name="failRate" value="0%"/>
            <property name="testStartTime" value="Wed Sep 20 2023 4:35:19 PM"/>
            <property name="testExecutionTime" value="0.81 s"/>
            <property name="testTotalTime" value="0.81 s"/>
            <property name="commandTime" value="0.23 s"/>
            <property name="hostname" value="https://cunning-badger-uyu1oz-dev-ed.trailblaze.my.salesforce.com"/>
            <property name="orgId" value="00D7R000004wjV3UAI"/>
            <property name="username" value="dmytro.fedchyshyn@cunning-badger-uyu1oz.com"/>
            <property name="testRunId" value="7077R0000EQdr29"/>
            <property name="userId" value="0057R00000Dcnx8QAB"/>
            <property name="coveredLines" value="142"/>
            <property name="testRunCoverage" value="66%"/>
            <property name="orgWideCoverage" value="62%"/>
        </properties>
        <testcase name="testRealDbQuery" classname="SoqlBuilderTest" time="0.09">
        </testcase>
        <testcase name="testSelectFields" classname="SoqlBuilderTest" time="0.00">
        </testcase>
        <testcase name="testSetConditionIn" classname="SoqlBuilderTest" time="0.00">
        </testcase>
        <testcase name="testSetConditionIncludes" classname="SoqlBuilderTest" time="0.00">
        </testcase>
        <testcase name="testZeroLimit" classname="SoqlBuilderTest" time="0.00">
        </testcase>
        <testcase name="testComplexCondition" classname="SoqlBuilderTest" time="0.08">
        </testcase>
        <testcase name="testComplexConditionRealDbQuery" classname="SoqlBuilderTest" time="0.11">
        </testcase>
        <testcase name="testCondition" classname="SoqlBuilderTest" time="0.01">
        </testcase>
        <testcase name="testEmptyFields" classname="SoqlBuilderTest" time="0.00">
        </testcase>
        <testcase name="testGroupConditionAnd" classname="SoqlBuilderTest" time="0.00">
        </testcase>
        <testcase name="testGroupConditionOr" classname="SoqlBuilderTest" time="0.00">
        </testcase>
        <testcase name="testInvalidField" classname="SoqlBuilderTest" time="0.01">
        </testcase>
        <testcase name="testInvalidSObjectType" classname="SoqlBuilderTest" time="0.00">
        </testcase>
        <testcase name="testLimitRecords" classname="SoqlBuilderTest" time="0.00">
        </testcase>
        <testcase name="testMissingSObjectType" classname="SoqlBuilderTest" time="0.00">
        </testcase>
        <testcase name="testNegativeLimit" classname="SoqlBuilderTest" time="0.00">
        </testcase>
        <testcase name="testOrderBy" classname="SoqlBuilderTest" time="0.00">
        </testcase>
        <testcase name="testLogInfo" classname="LoggerTest" time="0.26">
        </testcase>
        <testcase name="testGetShape" classname="ShapeFactoryTest" time="0.05">
        </testcase>
        <testcase name="getConfigurationByNameTest" classname="ConfigurationManagerTest" time="0.10">
        </testcase>
        <testcase name="getInstanceTest" classname="ConfigurationManagerTest" time="0.00">
        </testcase>
        <testcase name="updateConfigurationValueTest" classname="ConfigurationManagerTest" time="0.04">
        </testcase>
        <testcase name="testAppendAndToString" classname="StringBuilderTest" time="0.02">
        </testcase>
        <testcase name="testAppendWithNull" classname="StringBuilderTest" time="0.00">
        </testcase>
        <testcase name="testEmptyStringBuilder" classname="StringBuilderTest" time="0.00">
        </testcase>
        <testcase name="testMultipleAppends" classname="StringBuilderTest" time="0.00">
        </testcase>
        <testcase name="testSingleAppend" classname="StringBuilderTest" time="0.00">
        </testcase>
    </testsuite>
</testsuites>
